2025-04-27 23:51:51 - [0;34m开始数据库验证...[0m
2025-04-27 23:51:51 - [0;34m检查数据库连接...[0m
2025-04-27 23:51:51 - [0;31m无法连接到数据库[0m
2025-04-27 23:51:51 - 请检查以下配置：
2025-04-27 23:51:51 - 主机: localhost
2025-04-27 23:51:51 - 端口: 5432
2025-04-27 23:51:51 - 用户名: postgres
2025-04-27 23:51:51 - 数据库: sprint_dashboard
2025-04-27 23:52:48 - [0;34m开始数据库验证...[0m
2025-04-27 23:52:48 - [0;34m检查数据库连接...[0m
2025-04-27 23:52:48 - [0;34m检查 Docker 容器状态...[0m
2025-04-27 23:52:48 - [0;31mPostgreSQL 容器未运行[0m
2025-04-27 23:52:48 - 请确保已经运行了 setup-postgres.sh 脚本
2025-04-27 23:52:48 - 或者手动启动容器：docker start 
2025-04-27 23:53:39 - [0;34m开始数据库验证...[0m
2025-04-27 23:53:39 - [0;34m检查数据库连接...[0m
2025-04-27 23:53:39 - [0;34m检查 Docker 容器状态...[0m
2025-04-27 23:53:39 - [0;32mPostgreSQL 容器正在运行[0m
2025-04-27 23:53:39 - [0;34m检查端口 5432 是否开放...[0m
2025-04-27 23:53:39 - [0;32m端口 5432 已开放[0m
2025-04-27 23:53:39 - 尝试连接数据库...
2025-04-27 23:53:39 - [0;31m无法连接到数据库[0m
2025-04-27 23:53:39 - 请检查以下配置：
2025-04-27 23:53:39 - 1. 数据库配置：
2025-04-27 23:53:39 -    - 主机: localhost
2025-04-27 23:53:39 -    - 端口: 5432
2025-04-27 23:53:39 -    - 用户名: postgres
2025-04-27 23:53:39 -    - 数据库: sprint_dashboard
2025-04-27 23:53:39 -    - 密码: your_password
2025-04-27 23:53:39 - 
2025-04-27 23:53:39 - 2. 可能的问题：
2025-04-27 23:53:39 -    - 密码是否正确
2025-04-27 23:53:39 -    - 数据库是否已创建
2025-04-27 23:53:39 -    - 用户权限是否正确
2025-04-27 23:53:39 - 
2025-04-27 23:53:39 - 3. 诊断步骤：
2025-04-27 23:53:39 -    a. 检查容器日志：docker logs sprint-db
2025-04-27 23:53:39 -    b. 进入容器检查：docker exec -it sprint-db psql -U postgres
2025-04-27 23:53:39 -    c. 检查数据库列表：docker exec -it sprint-db psql -U postgres -l
